\BOOKMARK [1][-]{section.1}{\376\377\230\171\166\356\227\000\154\102\116\016\142\200\147\057\211\304\122\022}{}% 1
\BOOKMARK [2][-]{subsection.1.1}{\376\377\230\171\166\356\166\356\150\007}{section.1}% 2
\BOOKMARK [2][-]{subsection.1.2}{\376\377\137\000\123\321\221\314\172\013\170\221}{section.1}% 3
\BOOKMARK [2][-]{subsection.1.3}{\376\377\230\171\166\356\133\211\143\222}{section.1}% 4
\BOOKMARK [1][-]{section.2}{\376\377\142\200\147\057\150\010\116\016\123\117\117\134\135\345\121\167}{}% 5
\BOOKMARK [1][-]{section.3}{\376\377\122\250\140\001\122\006\135\345}{}% 6
\BOOKMARK [2][-]{subsection.3.1}{\376\377\122\035\147\037\122\006\135\345\377\010\0007\000.\0001\000-\0007\000.\0002\377\011}{section.3}% 7
\BOOKMARK [2][-]{subsection.3.2}{\376\377\116\055\147\037\214\003\145\164\377\010\0007\000.\0003\000-\0007\000.\0004\377\011}{section.3}% 8
\BOOKMARK [1][-]{section.4}{\376\377\126\333\060\001\121\163\225\056\142\200\147\057\225\356\230\230\116\016\123\117\117\134\211\343\121\263\145\271\150\110}{}% 9
\BOOKMARK [2][-]{subsection.4.1}{\376\377\000M\000V\000V\000M\134\102\225\364\200\046\124\010\225\356\230\230}{section.4}% 10
\BOOKMARK [2][-]{subsection.4.2}{\376\377\116\073\172\013\136\217\162\266\140\001\147\072\201\303\200\277}{section.4}% 11
\BOOKMARK [2][-]{subsection.4.3}{\376\377\000W\000S\000L\227\363\116\120\144\255\145\076\225\356\230\230}{section.4}% 12
\BOOKMARK [1][-]{section.5}{\376\377\116\224\060\001\126\342\226\037\123\117\117\134\145\110\200\375\122\006\147\220}{}% 13
\BOOKMARK [2][-]{subsection.5.1}{\376\377\123\117\117\134\147\072\122\066}{section.5}% 14
\BOOKMARK [2][-]{subsection.5.2}{\376\377\145\110\200\375\143\320\123\107\145\160\143\156}{section.5}% 15
\BOOKMARK [2][-]{subsection.5.3}{\376\377\145\071\217\333\172\172\225\364}{section.5}% 16
\BOOKMARK [1][-]{section.6}{\376\377\121\155\060\001\142\020\147\234\134\125\171\072}{}% 17
\BOOKMARK [1][-]{section.7}{\376\377\116\003\060\001\137\303\137\227\117\123\117\032}{}% 18
\BOOKMARK [2][-]{subsection.7.1}{\376\377\126\342\226\037\145\164\117\123\145\066\203\267}{section.7}% 19
\BOOKMARK [2][-]{subsection.7.2}{\376\377\142\020\124\130\116\052\116\272\141\037\140\237}{section.7}% 20
